{"/Users/dblue/Documents/projects/rex/server/app.js":{"path":"/Users/dblue/Documents/projects/rex/server/app.js","s":{"1":1,"2":1,"3":1,"4":1,"5":1},"b":{},"f":{},"fnMap":{},"statementMap":{"1":{"start":{"line":12,"column":0},"end":{"line":13,"column":34}},"2":{"start":{"line":15,"column":0},"end":{"line":15,"column":20}},"3":{"start":{"line":17,"column":0},"end":{"line":17,"column":39}},"4":{"start":{"line":19,"column":0},"end":{"line":19,"column":25}},"5":{"start":{"line":21,"column":0},"end":{"line":21,"column":21}}},"branchMap":{}},"/Users/dblue/Documents/projects/rex/server/config.js":{"path":"/Users/dblue/Documents/projects/rex/server/config.js","s":{"1":1,"2":1,"3":1,"4":1,"5":1,"6":1,"7":1},"b":{"1":[1,0]},"f":{"1":1},"fnMap":{"1":{"name":"(anonymous_1)","line":14,"loc":{"start":{"line":14,"column":11},"end":{"line":14,"column":22}}}},"statementMap":{"1":{"start":{"line":7,"column":0},"end":{"line":7,"column":29}},"2":{"start":{"line":9,"column":0},"end":{"line":27,"column":2}},"3":{"start":{"line":15,"column":4},"end":{"line":15,"column":34}},"4":{"start":{"line":17,"column":4},"end":{"line":19,"column":5}},"5":{"start":{"line":18,"column":6},"end":{"line":18,"column":151}},"6":{"start":{"line":21,"column":4},"end":{"line":21,"column":15}},"7":{"start":{"line":29,"column":0},"end":{"line":29,"column":24}}},"branchMap":{"1":{"line":17,"type":"if","locations":[{"start":{"line":17,"column":4},"end":{"line":17,"column":4}},{"start":{"line":17,"column":4},"end":{"line":17,"column":4}}]}}},"/Users/dblue/Documents/projects/rex/server/router.js":{"path":"/Users/dblue/Documents/projects/rex/server/router.js","s":{"1":1,"2":1,"3":1,"4":1,"5":0},"b":{},"f":{"1":1,"2":0},"fnMap":{"1":{"name":"router","line":11,"loc":{"start":{"line":11,"column":17},"end":{"line":11,"column":38}}},"2":{"name":"(anonymous_2)","line":14,"loc":{"start":{"line":14,"column":16},"end":{"line":14,"column":36}}}},"statementMap":{"1":{"start":{"line":9,"column":0},"end":{"line":9,"column":33}},"2":{"start":{"line":11,"column":0},"end":{"line":17,"column":2}},"3":{"start":{"line":12,"column":2},"end":{"line":12,"column":41}},"4":{"start":{"line":14,"column":2},"end":{"line":16,"column":5}},"5":{"start":{"line":15,"column":4},"end":{"line":15,"column":56}}},"branchMap":{}},"/Users/dblue/Documents/projects/rex/server/api/fda/index.js":{"path":"/Users/dblue/Documents/projects/rex/server/api/fda/index.js","s":{"1":1,"2":1,"3":0,"4":0,"5":0,"6":0,"7":1},"b":{},"f":{"1":0},"fnMap":{"1":{"name":"getFDA","line":23,"loc":{"start":{"line":23,"column":26},"end":{"line":23,"column":52}}}},"statementMap":{"1":{"start":{"line":9,"column":0},"end":{"line":13,"column":28}},"2":{"start":{"line":23,"column":0},"end":{"line":34,"column":3}},"3":{"start":{"line":24,"column":2},"end":{"line":24,"column":21}},"4":{"start":{"line":26,"column":2},"end":{"line":26,"column":22}},"5":{"start":{"line":28,"column":2},"end":{"line":31,"column":4}},"6":{"start":{"line":33,"column":2},"end":{"line":33,"column":75}},"7":{"start":{"line":36,"column":0},"end":{"line":36,"column":24}}},"branchMap":{}}}