{"/Users/dblue/Documents/projects/rex/server/utils/index.js":{"path":"/Users/dblue/Documents/projects/rex/server/utils/index.js","s":{"1":1,"2":1,"3":2,"4":2,"5":2,"6":1,"7":2,"8":1},"b":{},"f":{"1":2},"fnMap":{"1":{"name":"confirmJSON","line":18,"loc":{"start":{"line":18,"column":20},"end":{"line":18,"column":47}}}},"statementMap":{"1":{"start":{"line":7,"column":0},"end":{"line":7,"column":15}},"2":{"start":{"line":18,"column":0},"end":{"line":29,"column":2}},"3":{"start":{"line":19,"column":2},"end":{"line":19,"column":11}},"4":{"start":{"line":21,"column":2},"end":{"line":26,"column":3}},"5":{"start":{"line":22,"column":4},"end":{"line":22,"column":28}},"6":{"start":{"line":25,"column":4},"end":{"line":25,"column":16}},"7":{"start":{"line":28,"column":2},"end":{"line":28,"column":14}},"8":{"start":{"line":31,"column":0},"end":{"line":31,"column":23}}},"branchMap":{}}}