TN:
SF:/Users/dblue/Documents/projects/rex/server/app.js
FNF:0
FNH:0
DA:12,1
DA:15,1
DA:17,1
DA:19,1
DA:21,1
LF:5
LH:5
BRF:0
BRH:0
end_of_record
TN:
SF:/Users/dblue/Documents/projects/rex/server/config.js
FN:14,(anonymous_1)
FNF:1
FNH:1
FNDA:1,(anonymous_1)
DA:7,1
DA:9,1
DA:15,1
DA:17,1
DA:18,1
DA:21,1
DA:29,1
LF:7
LH:7
BRDA:17,1,0,1
BRDA:17,1,1,0
BRF:2
BRH:1
end_of_record
TN:
SF:/Users/dblue/Documents/projects/rex/server/router.js
FN:11,router
FN:14,(anonymous_2)
FNF:2
FNH:1
FNDA:1,router
FNDA:0,(anonymous_2)
DA:9,1
DA:11,1
DA:12,1
DA:14,1
DA:15,0
LF:5
LH:4
BRF:0
BRH:0
end_of_record
TN:
SF:/Users/dblue/Documents/projects/rex/server/api/fda/index.js
FN:23,getFDA
FNF:1
FNH:0
FNDA:0,getFDA
DA:9,1
DA:23,1
DA:24,0
DA:26,0
DA:28,0
DA:33,0
DA:36,1
LF:7
LH:3
BRF:0
BRH:0
end_of_record
